# JRE version: OpenJDK Runtime Environment (21.0.7+6) (build 21.0.7+6-Ubuntu-0ubuntu122.04)
# Java VM: OpenJDK 64-Bit Server VM (21.0.7+6-Ubuntu-0ubuntu122.04, mixed mode, tiered, compressed oops, compressed class ptrs, g1 gc, linux-amd64)
GC Precious Log:
 CardTable entry size: 512
 Card Set container configuration: InlinePtr #cards 4 size 8 Array Of Cards #cards 16 size 48 Howl #buckets 8 coarsen threshold 3686 Howl Bitmap #cards 512 size 80 coarsen threshold 460 Card regions per heap region 1 cards per card region 4096
 CPUs: 12 total, 12 available
 Memory: 15815M
 Large Page Support: Disabled
 NUMA Support: Disabled
 Compressed Oops: Enabled (Zero based)
 Heap Region Size: 2M
 Heap Min Capacity: 8M
 Heap Initial Capacity: 248M
 Heap Max Capacity: 3954M
 Pre-touch: Disabled
 Parallel Workers: 10
 Concurrent Workers: 3
 Concurrent Refinement Workers: 10
 Periodic GC: Disabled
Heap:
 garbage-first heap   total 335872K, used 216451K [0x00000006c8e00000, 0x00000007c0000000)
  region size 2048K, 16 young (32768K), 8 survivors (16384K)
 Metaspace       used 117261K, committed 118144K, reserved 1179648K
  class space    used 15106K, committed 15488K, reserved 1048576K
GC Heap History (20 events):
Event: 2267.480 GC heap before
{Heap before GC invocations=28 (full 0):
 garbage-first heap   total 184320K, used 165529K [0x00000006c8e00000, 0x00000007c0000000)
  region size 2048K, 41 young (83968K), 4 survivors (8192K)
 Metaspace       used 103369K, committed 104256K, reserved 1179648K
  class space    used 13648K, committed 14016K, reserved 1048576K
}
Event: 2267.494 GC heap after
{Heap after GC invocations=29 (full 0):
 garbage-first heap   total 184320K, used 89277K [0x00000006c8e00000, 0x00000007c0000000)
  region size 2048K, 2 young (4096K), 2 survivors (4096K)
 Metaspace       used 103369K, committed 104256K, reserved 1179648K
  class space    used 13648K, committed 14016K, reserved 1048576K
}
Event: 3571.863 GC heap before
{Heap before GC invocations=29 (full 0):
 garbage-first heap   total 184320K, used 165053K [0x00000006c8e00000, 0x00000007c0000000)
  region size 2048K, 40 young (81920K), 2 survivors (4096K)
 Metaspace       used 110559K, committed 111360K, reserved 1179648K
  class space    used 14469K, committed 14848K, reserved 1048576K
}
Event: 3571.869 GC heap after
{Heap after GC invocations=30 (full 0):
 garbage-first heap   total 184320K, used 91166K [0x00000006c8e00000, 0x00000007c0000000)
  region size 2048K, 3 young (6144K), 3 survivors (6144K)
 Metaspace       used 110559K, committed 111360K, reserved 1179648K
  class space    used 14469K, committed 14848K, reserved 1048576K
}
Event: 3572.399 GC heap before
{Heap before GC invocations=31 (full 0):
 garbage-first heap   total 184320K, used 168990K [0x00000006c8e00000, 0x00000007c0000000)
  region size 2048K, 39 young (79872K), 3 survivors (6144K)
 Metaspace       used 111239K, committed 112128K, reserved 1179648K
  class space    used 14538K, committed 14912K, reserved 1048576K
}
Event: 3572.409 GC heap after
{Heap after GC invocations=32 (full 0):
 garbage-first heap   total 233472K, used 114406K [0x00000006c8e00000, 0x00000007c0000000)
  region size 2048K, 5 young (10240K), 5 survivors (10240K)
 Metaspace       used 111239K, committed 112128K, reserved 1179648K
  class space    used 14538K, committed 14912K, reserved 1048576K
}
Event: 3573.126 GC heap before
{Heap before GC invocations=32 (full 0):
 garbage-first heap   total 233472K, used 200422K [0x00000006c8e00000, 0x00000007c0000000)
  region size 2048K, 46 young (94208K), 5 survivors (10240K)
 Metaspace       used 114905K, committed 115776K, reserved 1179648K
  class space    used 14964K, committed 15360K, reserved 1048576K
}
Event: 3573.135 GC heap after
{Heap after GC invocations=33 (full 0):
 garbage-first heap   total 235520K, used 135846K [0x00000006c8e00000, 0x00000007c0000000)
  region size 2048K, 6 young (12288K), 6 survivors (12288K)
 Metaspace       used 114905K, committed 115776K, reserved 1179648K
  class space    used 14964K, committed 15360K, reserved 1048576K
}
Event: 3643.225 GC heap before
{Heap before GC invocations=33 (full 0):
 garbage-first heap   total 235520K, used 195238K [0x00000006c8e00000, 0x00000007c0000000)
  region size 2048K, 36 young (73728K), 6 survivors (12288K)
 Metaspace       used 115472K, committed 116416K, reserved 1179648K
  class space    used 15004K, committed 15424K, reserved 1048576K
}
Event: 3643.232 GC heap after
{Heap after GC invocations=34 (full 0):
 garbage-first heap   total 235520K, used 138990K [0x00000006c8e00000, 0x00000007c0000000)
  region size 2048K, 3 young (6144K), 3 survivors (6144K)
 Metaspace       used 115472K, committed 116416K, reserved 1179648K
  class space    used 15004K, committed 15424K, reserved 1048576K
}
Event: 3643.353 GC heap before
{Heap before GC invocations=35 (full 0):
 garbage-first heap   total 235520K, used 204526K [0x00000006c8e00000, 0x00000007c0000000)
  region size 2048K, 33 young (67584K), 3 survivors (6144K)
 Metaspace       used 115508K, committed 116416K, reserved 1179648K
  class space    used 15004K, committed 15424K, reserved 1048576K
}
Event: 3643.360 GC heap after
{Heap after GC invocations=36 (full 0):
 garbage-first heap   total 235520K, used 159744K [0x00000006c8e00000, 0x00000007c0000000)
  region size 2048K, 5 young (10240K), 5 survivors (10240K)
 Metaspace       used 115508K, committed 116416K, reserved 1179648K
  class space    used 15004K, committed 15424K, reserved 1048576K
}
Event: 3643.730 GC heap before
{Heap before GC invocations=36 (full 0):
 garbage-first heap   total 235520K, used 204800K [0x00000006c8e00000, 0x00000007c0000000)
  region size 2048K, 27 young (55296K), 5 survivors (10240K)
 Metaspace       used 116382K, committed 117312K, reserved 1179648K
  class space    used 15054K, committed 15488K, reserved 1048576K
}
Event: 3643.733 GC heap after
{Heap after GC invocations=37 (full 0):
 garbage-first heap   total 335872K, used 154393K [0x00000006c8e00000, 0x00000007c0000000)
  region size 2048K, 1 young (2048K), 1 survivors (2048K)
 Metaspace       used 116382K, committed 117312K, reserved 1179648K
  class space    used 15054K, committed 15488K, reserved 1048576K
}
Event: 3643.859 GC heap before
{Heap before GC invocations=37 (full 0):
 garbage-first heap   total 335872K, used 203545K [0x00000006c8e00000, 0x00000007c0000000)
  region size 2048K, 26 young (53248K), 1 survivors (2048K)
 Metaspace       used 116531K, committed 117440K, reserved 1179648K
  class space    used 15060K, committed 15488K, reserved 1048576K
}
Event: 3643.867 GC heap after
{Heap after GC invocations=38 (full 0):
 garbage-first heap   total 335872K, used 167026K [0x00000006c8e00000, 0x00000007c0000000)
  region size 2048K, 7 young (14336K), 7 survivors (14336K)
 Metaspace       used 116531K, committed 117440K, reserved 1179648K
  class space    used 15060K, committed 15488K, reserved 1048576K
}
Event: 3755.004 GC heap before
{Heap before GC invocations=39 (full 0):
 garbage-first heap   total 335872K, used 275570K [0x00000006c8e00000, 0x00000007c0000000)
  region size 2048K, 58 young (118784K), 7 survivors (14336K)
 Metaspace       used 117135K, committed 118016K, reserved 1179648K
  class space    used 15095K, committed 15488K, reserved 1048576K
}
Event: 3755.012 GC heap after
{Heap after GC invocations=40 (full 0):
 garbage-first heap   total 335872K, used 177397K [0x00000006c8e00000, 0x00000007c0000000)
  region size 2048K, 8 young (16384K), 8 survivors (16384K)
 Metaspace       used 117135K, committed 118016K, reserved 1179648K
  class space    used 15095K, committed 15488K, reserved 1048576K
}
Event: 3755.199 GC heap before
{Heap before GC invocations=40 (full 0):
 garbage-first heap   total 335872K, used 290037K [0x00000006c8e00000, 0x00000007c0000000)
  region size 2048K, 60 young (122880K), 8 survivors (16384K)
 Metaspace       used 117185K, committed 118016K, reserved 1179648K
  class space    used 15097K, committed 15488K, reserved 1048576K
}
Event: 3755.208 GC heap after
{Heap after GC invocations=41 (full 0):
 garbage-first heap   total 335872K, used 202115K [0x00000006c8e00000, 0x00000007c0000000)
  region size 2048K, 8 young (16384K), 8 survivors (16384K)
 Metaspace       used 117185K, committed 118016K, reserved 1179648K
  class space    used 15097K, committed 15488K, reserved 1048576K
}

